<?xml version='1.0'?>
<ns2:test-suite xmlns:ns2='urn:model.allure.qatools.yandex.ru' start='1670528004764' stop='1670528007118'>
    <name>Test cases</name>
    <title>Test cases</title>
    <test-cases>
        <test-case start='1670528004765' status='pending' stop='1670528004765'>
            <name>1: Default selection of tab</name>
            <title>1: Default selection of tab</title>
            <labels/>
            <parameters/>
            <steps/>
            <attachments/>
            <failure>
                <message>Test ignored</message>
                <stack-trace>undefined</stack-trace>
            </failure>
        </test-case>
        <test-case start='1670528004766' status='passed' stop='1670528006144'>
            <name>2:Form tab is available and clickable</name>
            <title>2:Form tab is available and clickable</title>
            <labels>
                <label name='language' value='javascript'/>
                <label name='framework' value='wdio'/>
                <label name='thread' value='0-0'/>
            </labels>
            <parameters>
                <parameter kind='argument' name='device' value='Pixel 3 for TEST 11-11'/>
            </parameters>
            <steps>
                <step start='1670528004768' status='passed' stop='1670528005458'>
                    <name>POST /session/:sessionId/element</name>
                    <title>POST /session/:sessionId/element</title>
                    <attachments>
                        <attachment title='Request' source='0ee5d315-a5dc-43fb-a78d-bddbaaf17761-attachment.json' type='application/json' size='53'/>
                        <attachment title='Response' source='43b46b25-57c4-4230-99a1-5f386a462b5c-attachment.json' type='application/json' size='136'/>
                    </attachments>
                    <steps/>
                </step>
                <step start='1670528005471' status='passed' stop='1670528005523'>
                    <name>POST /session/:sessionId/element/00000000-0000-04c6-ffff-ffff00000024/click</name>
                    <title>POST /session/:sessionId/element/00000000-0000-04c6-ffff-ffff00000024/click</title>
                    <attachments/>
                    <steps/>
                </step>
                <step start='1670528005523' status='passed' stop='1670528005552'>
                    <name>POST /session/:sessionId/element</name>
                    <title>POST /session/:sessionId/element</title>
                    <attachments>
                        <attachment title='Request' source='2b7dee68-fcf7-4d96-ac89-444f6da92f86-attachment.json' type='application/json' size='60'/>
                        <attachment title='Response' source='91a7c41c-c654-41f0-9e03-e3d6591cf5b1-attachment.json' type='application/json' size='794'/>
                    </attachments>
                    <steps/>
                </step>
                <step start='1670528005561' status='passed' stop='1670528005587'>
                    <name>POST /session/:sessionId/elements</name>
                    <title>POST /session/:sessionId/elements</title>
                    <attachments>
                        <attachment title='Request' source='a5da43f5-446f-4004-b139-f9aafa50ad51-attachment.json' type='application/json' size='60'/>
                        <attachment title='Response' source='79aefe89-a9db-463d-9aed-3e27d1702121-attachment.json' type='application/json' size='2'/>
                    </attachments>
                    <steps/>
                </step>
                <step start='1670528006093' status='passed' stop='1670528006133'>
                    <name>POST /session/:sessionId/elements</name>
                    <title>POST /session/:sessionId/elements</title>
                    <attachments>
                        <attachment title='Request' source='ebc1ad92-a5f8-4cca-93b8-981c44551852-attachment.json' type='application/json' size='60'/>
                        <attachment title='Response' source='814c4079-2d29-4e3e-b44f-4583f315c1c8-attachment.json' type='application/json' size='148'/>
                    </attachments>
                    <steps/>
                </step>
            </steps>
            <attachments/>
        </test-case>
        <test-case start='1670528006145' status='pending' stop='1670528006145'>
            <name>3:Color change on selection</name>
            <title>3:Color change on selection</title>
            <labels/>
            <parameters/>
            <steps/>
            <attachments/>
            <failure>
                <message>Test ignored</message>
                <stack-trace>undefined</stack-trace>
            </failure>
        </test-case>
        <test-case start='1670528006145' status='passed' stop='1670528007110'>
            <name>4:Input Behaviour</name>
            <title>4:Input Behaviour</title>
            <labels>
                <label name='language' value='javascript'/>
                <label name='framework' value='wdio'/>
                <label name='thread' value='0-0'/>
            </labels>
            <parameters>
                <parameter kind='argument' name='device' value='Pixel 3 for TEST 11-11'/>
            </parameters>
            <steps>
                <step start='1670528006146' status='passed' stop='1670528006175'>
                    <name>POST /session/:sessionId/element</name>
                    <title>POST /session/:sessionId/element</title>
                    <attachments>
                        <attachment title='Request' source='274bbfdf-58a1-4ac6-b333-be9a72fa19aa-attachment.json' type='application/json' size='58'/>
                        <attachment title='Response' source='60dc47a2-989a-4d8a-87dd-b666e51ef52b-attachment.json' type='application/json' size='136'/>
                    </attachments>
                    <steps/>
                </step>
                <step start='1670528006178' status='passed' stop='1670528007110'>
                    <name>POST /session/:sessionId/element/00000000-0000-04c6-ffff-ffff0000004d/click</name>
                    <title>POST /session/:sessionId/element/00000000-0000-04c6-ffff-ffff0000004d/click</title>
                    <attachments/>
                    <steps/>
                </step>
            </steps>
            <attachments/>
        </test-case>
        <test-case start='1670528007111' status='pending' stop='1670528007111'>
            <name>5:Picker element and 3 options</name>
            <title>5:Picker element and 3 options</title>
            <labels/>
            <parameters/>
            <steps/>
            <attachments/>
            <failure>
                <message>Test ignored</message>
                <stack-trace>undefined</stack-trace>
            </failure>
        </test-case>
        <test-case start='1670528007111' status='pending' stop='1670528007111'>
            <name>6:Visible within screen 3 options</name>
            <title>6:Visible within screen 3 options</title>
            <labels/>
            <parameters/>
            <steps/>
            <attachments/>
            <failure>
                <message>Test ignored</message>
                <stack-trace>undefined</stack-trace>
            </failure>
        </test-case>
        <test-case start='1670528007111' status='pending' stop='1670528007111'>
            <name>7:Inactive button is not interactable</name>
            <title>7:Inactive button is not interactable</title>
            <labels/>
            <parameters/>
            <steps/>
            <attachments/>
            <failure>
                <message>Test ignored</message>
                <stack-trace>undefined</stack-trace>
            </failure>
        </test-case>
        <test-case start='1670528007111' status='pending' stop='1670528007111'>
            <name>8:Native alerts are functional</name>
            <title>8:Native alerts are functional</title>
            <labels/>
            <parameters/>
            <steps/>
            <attachments/>
            <failure>
                <message>Test ignored</message>
                <stack-trace>undefined</stack-trace>
            </failure>
        </test-case>
        <test-case start='1670528007111' status='passed' stop='1670528007113'>
            <name>9:Keyboard availability</name>
            <title>9:Keyboard availability</title>
            <labels>
                <label name='language' value='javascript'/>
                <label name='framework' value='wdio'/>
                <label name='thread' value='0-0'/>
            </labels>
            <parameters>
                <parameter kind='argument' name='device' value='Pixel 3 for TEST 11-11'/>
            </parameters>
            <steps>
                <step start='1670528007113' status='undefined'>
                    <name>GET /session/:sessionId/appium/device/is_keyboard_shown</name>
                    <title>GET /session/:sessionId/appium/device/is_keyboard_shown</title>
                    <attachments/>
                    <steps/>
                </step>
            </steps>
            <attachments/>
        </test-case>
    </test-cases>
</ns2:test-suite>