<?xml version='1.0'?>
<ns2:test-suite xmlns:ns2='urn:model.allure.qatools.yandex.ru' start='1670521989250' stop='1670521990218'>
    <name>Test cases</name>
    <title>Test cases</title>
    <test-cases>
        <test-case start='1670521989251' status='pending' stop='1670521989251'>
            <name>1: Default selection of tab</name>
            <title>1: Default selection of tab</title>
            <labels/>
            <parameters/>
            <steps/>
            <attachments/>
            <failure>
                <message>Test ignored</message>
                <stack-trace>undefined</stack-trace>
            </failure>
        </test-case>
        <test-case start='1670521989251' status='broken' stop='1670521990216'>
            <name>Form tab is available and clickable</name>
            <title>Form tab is available and clickable</title>
            <labels>
                <label name='language' value='javascript'/>
                <label name='framework' value='wdio'/>
                <label name='thread' value='0-0'/>
            </labels>
            <parameters>
                <parameter kind='argument' name='device' value='Pixel 3 for TEST 11-11'/>
            </parameters>
            <steps>
                <step start='1670521989252' status='broken' stop='1670521990216'>
                    <name>POST /session/:sessionId/element</name>
                    <title>POST /session/:sessionId/element</title>
                    <attachments>
                        <attachment title='Request' source='c0a835b2-0450-4b4c-ba40-17ace5832529-attachment.json' type='application/json' size='143'/>
                    </attachments>
                    <steps>
                        <step start='1670521990069' status='passed' stop='1670521990215'>
                            <name>GET /session/:sessionId/screenshot</name>
                            <title>GET /session/:sessionId/screenshot</title>
                            <attachments>
                                <attachment title='Screenshot' source='0395f10a-2a38-428c-b7af-98983409f3dc-attachment.png' type='image/png' size='167740'/>
                            </attachments>
                            <steps/>
                        </step>
                    </steps>
                </step>
            </steps>
            <attachments/>
            <failure>
                <message>The selector ".//andriod[normalize-space() = "new UiSelector().text("Forms").className("android.widget.Button"))"]" used with strategy "xpath" is invalid! For more information on selectors visit the WebdriverIO docs at: https://webdriver.io/docs/selectors</message>
                <stack-trace>invalid selector: The selector ".//andriod[normalize-space() = "new UiSelector().text("Forms").className("android.widget.Button"))"]" used with strategy "xpath" is invalid! For more information on selectors visit the WebdriverIO docs at: https://webdriver.io/docs/selectors
                    at process.processTicksAndRejections (node:internal/process/task_queues:95:5)
                    at async Context.&lt;anonymous> (/Users/jahangirulhassan/Documents/TCoE-app-tests/test/specs/mobiletest/testscripts.js:11:30)</stack-trace>
            </failure>
        </test-case>
        <test-case start='1670521990217' status='pending' stop='1670521990217'>
            <name>3:Color change on selection</name>
            <title>3:Color change on selection</title>
            <labels/>
            <parameters/>
            <steps/>
            <attachments/>
            <failure>
                <message>Test ignored</message>
                <stack-trace>undefined</stack-trace>
            </failure>
        </test-case>
        <test-case start='1670521990217' status='pending' stop='1670521990217'>
            <name>4:Input Behaviour</name>
            <title>4:Input Behaviour</title>
            <labels/>
            <parameters/>
            <steps/>
            <attachments/>
            <failure>
                <message>Test ignored</message>
                <stack-trace>undefined</stack-trace>
            </failure>
        </test-case>
        <test-case start='1670521990217' status='pending' stop='1670521990217'>
            <name>5:Picker element and 3 options</name>
            <title>5:Picker element and 3 options</title>
            <labels/>
            <parameters/>
            <steps/>
            <attachments/>
            <failure>
                <message>Test ignored</message>
                <stack-trace>undefined</stack-trace>
            </failure>
        </test-case>
        <test-case start='1670521990217' status='pending' stop='1670521990217'>
            <name>6:Visible within acreen 3 options</name>
            <title>6:Visible within acreen 3 options</title>
            <labels/>
            <parameters/>
            <steps/>
            <attachments/>
            <failure>
                <message>Test ignored</message>
                <stack-trace>undefined</stack-trace>
            </failure>
        </test-case>
        <test-case start='1670521990218' status='pending' stop='1670521990218'>
            <name>7:Inactive button is not interactable</name>
            <title>7:Inactive button is not interactable</title>
            <labels/>
            <parameters/>
            <steps/>
            <attachments/>
            <failure>
                <message>Test ignored</message>
                <stack-trace>undefined</stack-trace>
            </failure>
        </test-case>
        <test-case start='1670521990218' status='pending' stop='1670521990218'>
            <name>8:Native alerts are functional</name>
            <title>8:Native alerts are functional</title>
            <labels/>
            <parameters/>
            <steps/>
            <attachments/>
            <failure>
                <message>Test ignored</message>
                <stack-trace>undefined</stack-trace>
            </failure>
        </test-case>
        <test-case start='1670521990218' status='pending' stop='1670521990218'>
            <name>9:Keyboard availability</name>
            <title>9:Keyboard availability</title>
            <labels/>
            <parameters/>
            <steps/>
            <attachments/>
            <failure>
                <message>Test ignored</message>
                <stack-trace>undefined</stack-trace>
            </failure>
        </test-case>
    </test-cases>
</ns2:test-suite>